Analysis & Synthesis report for Az1
Thu Jul 06 03:10:32 2023
Quartus II 64-Bit Version 13.1.0 Build 162 10/23/2013 SJ Web Edition


---------------------
; Table of Contents ;
---------------------
  1. Legal Notice
  2. Analysis & Synthesis Summary
  3. Analysis & Synthesis Settings
  4. Parallel Compilation
  5. Analysis & Synthesis Source Files Read
  6. Analysis & Synthesis Resource Usage Summary
  7. Analysis & Synthesis Resource Utilization by Entity
  8. General Register Statistics
  9. Elapsed Time Per Partition
 10. Analysis & Synthesis Messages



----------------
; Legal Notice ;
----------------
Copyright (C) 1991-2013 Altera Corporation
Your use of Altera Corporation's design tools, logic functions 
and other software and tools, and its AMPP partner logic 
functions, and any output files from any of the foregoing 
(including device programming or simulation files), and any 
associated documentation or information are expressly subject 
to the terms and conditions of the Altera Program License 
Subscription Agreement, Altera MegaCore Function License 
Agreement, or other applicable license agreement, including, 
without limitation, that your use is for the sole purpose of 
programming logic devices manufactured by Altera and sold by 
Altera or its authorized distributors.  Please refer to the 
applicable agreement for further details.



+---------------------------------------------------------------------------------+
; Analysis & Synthesis Summary                                                    ;
+------------------------------------+--------------------------------------------+
; Analysis & Synthesis Status        ; Successful - Thu Jul 06 03:10:32 2023      ;
; Quartus II 64-Bit Version          ; 13.1.0 Build 162 10/23/2013 SJ Web Edition ;
; Revision Name                      ; Az1                                        ;
; Top-level Entity Name              ; Az1                                        ;
; Family                             ; Cyclone IV GX                              ;
; Total logic elements               ; 43                                         ;
;     Total combinational functions  ; 43                                         ;
;     Dedicated logic registers      ; 0                                          ;
; Total registers                    ; 0                                          ;
; Total pins                         ; 18                                         ;
; Total virtual pins                 ; 0                                          ;
; Total memory bits                  ; 0                                          ;
; Embedded Multiplier 9-bit elements ; 0                                          ;
; Total GXB Receiver Channel PCS     ; 0                                          ;
; Total GXB Receiver Channel PMA     ; 0                                          ;
; Total GXB Transmitter Channel PCS  ; 0                                          ;
; Total GXB Transmitter Channel PMA  ; 0                                          ;
; Total PLLs                         ; 0                                          ;
+------------------------------------+--------------------------------------------+


+----------------------------------------------------------------------------------------------------------------------+
; Analysis & Synthesis Settings                                                                                        ;
+----------------------------------------------------------------------------+--------------------+--------------------+
; Option                                                                     ; Setting            ; Default Value      ;
+----------------------------------------------------------------------------+--------------------+--------------------+
; Top-level entity name                                                      ; Az1                ; Az1                ;
; Family name                                                                ; Cyclone IV GX      ; Cyclone IV GX      ;
; Use smart compilation                                                      ; Off                ; Off                ;
; Enable parallel Assembler and TimeQuest Timing Analyzer during compilation ; On                 ; On                 ;
; Enable compact report table                                                ; Off                ; Off                ;
; Restructure Multiplexers                                                   ; Auto               ; Auto               ;
; Create Debugging Nodes for IP Cores                                        ; Off                ; Off                ;
; Preserve fewer node names                                                  ; On                 ; On                 ;
; Disable OpenCore Plus hardware evaluation                                  ; Off                ; Off                ;
; Verilog Version                                                            ; Verilog_2001       ; Verilog_2001       ;
; VHDL Version                                                               ; VHDL_1993          ; VHDL_1993          ;
; State Machine Processing                                                   ; Auto               ; Auto               ;
; Safe State Machine                                                         ; Off                ; Off                ;
; Extract Verilog State Machines                                             ; On                 ; On                 ;
; Extract VHDL State Machines                                                ; On                 ; On                 ;
; Ignore Verilog initial constructs                                          ; Off                ; Off                ;
; Iteration limit for constant Verilog loops                                 ; 5000               ; 5000               ;
; Iteration limit for non-constant Verilog loops                             ; 250                ; 250                ;
; Add Pass-Through Logic to Inferred RAMs                                    ; On                 ; On                 ;
; Infer RAMs from Raw Logic                                                  ; On                 ; On                 ;
; Parallel Synthesis                                                         ; On                 ; On                 ;
; DSP Block Balancing                                                        ; Auto               ; Auto               ;
; NOT Gate Push-Back                                                         ; On                 ; On                 ;
; Power-Up Don't Care                                                        ; On                 ; On                 ;
; Remove Redundant Logic Cells                                               ; Off                ; Off                ;
; Remove Duplicate Registers                                                 ; On                 ; On                 ;
; Ignore CARRY Buffers                                                       ; Off                ; Off                ;
; Ignore CASCADE Buffers                                                     ; Off                ; Off                ;
; Ignore GLOBAL Buffers                                                      ; Off                ; Off                ;
; Ignore ROW GLOBAL Buffers                                                  ; Off                ; Off                ;
; Ignore LCELL Buffers                                                       ; Off                ; Off                ;
; Ignore SOFT Buffers                                                        ; On                 ; On                 ;
; Limit AHDL Integers to 32 Bits                                             ; Off                ; Off                ;
; Optimization Technique                                                     ; Balanced           ; Balanced           ;
; Carry Chain Length                                                         ; 70                 ; 70                 ;
; Auto Carry Chains                                                          ; On                 ; On                 ;
; Auto Open-Drain Pins                                                       ; On                 ; On                 ;
; Perform WYSIWYG Primitive Resynthesis                                      ; Off                ; Off                ;
; Auto ROM Replacement                                                       ; On                 ; On                 ;
; Auto RAM Replacement                                                       ; On                 ; On                 ;
; Auto DSP Block Replacement                                                 ; On                 ; On                 ;
; Auto Shift Register Replacement                                            ; Auto               ; Auto               ;
; Allow Shift Register Merging across Hierarchies                            ; Auto               ; Auto               ;
; Auto Clock Enable Replacement                                              ; On                 ; On                 ;
; Strict RAM Replacement                                                     ; Off                ; Off                ;
; Allow Synchronous Control Signals                                          ; On                 ; On                 ;
; Force Use of Synchronous Clear Signals                                     ; Off                ; Off                ;
; Auto RAM Block Balancing                                                   ; On                 ; On                 ;
; Auto RAM to Logic Cell Conversion                                          ; Off                ; Off                ;
; Auto Resource Sharing                                                      ; Off                ; Off                ;
; Allow Any RAM Size For Recognition                                         ; Off                ; Off                ;
; Allow Any ROM Size For Recognition                                         ; Off                ; Off                ;
; Allow Any Shift Register Size For Recognition                              ; Off                ; Off                ;
; Use LogicLock Constraints during Resource Balancing                        ; On                 ; On                 ;
; Ignore translate_off and synthesis_off directives                          ; Off                ; Off                ;
; Timing-Driven Synthesis                                                    ; On                 ; On                 ;
; Report Parameter Settings                                                  ; On                 ; On                 ;
; Report Source Assignments                                                  ; On                 ; On                 ;
; Report Connectivity Checks                                                 ; On                 ; On                 ;
; Ignore Maximum Fan-Out Assignments                                         ; Off                ; Off                ;
; Synchronization Register Chain Length                                      ; 2                  ; 2                  ;
; PowerPlay Power Optimization                                               ; Normal compilation ; Normal compilation ;
; HDL message level                                                          ; Level2             ; Level2             ;
; Suppress Register Optimization Related Messages                            ; Off                ; Off                ;
; Number of Removed Registers Reported in Synthesis Report                   ; 5000               ; 5000               ;
; Number of Swept Nodes Reported in Synthesis Report                         ; 5000               ; 5000               ;
; Number of Inverted Registers Reported in Synthesis Report                  ; 100                ; 100                ;
; Clock MUX Protection                                                       ; On                 ; On                 ;
; Auto Gated Clock Conversion                                                ; Off                ; Off                ;
; Block Design Naming                                                        ; Auto               ; Auto               ;
; SDC constraint protection                                                  ; Off                ; Off                ;
; Synthesis Effort                                                           ; Auto               ; Auto               ;
; Shift Register Replacement - Allow Asynchronous Clear Signal               ; On                 ; On                 ;
; Pre-Mapping Resynthesis Optimization                                       ; Off                ; Off                ;
; Analysis & Synthesis Message Level                                         ; Medium             ; Medium             ;
; Disable Register Merging Across Hierarchies                                ; Auto               ; Auto               ;
; Resource Aware Inference For Block RAM                                     ; On                 ; On                 ;
; Synthesis Seed                                                             ; 1                  ; 1                  ;
+----------------------------------------------------------------------------+--------------------+--------------------+


Parallel compilation was disabled, but you have multiple processors available. Enable parallel compilation to reduce compilation time.
+-------------------------------------+
; Parallel Compilation                ;
+----------------------------+--------+
; Processors                 ; Number ;
+----------------------------+--------+
; Number detected on machine ; 8      ;
; Maximum allowed            ; 1      ;
+----------------------------+--------+


+------------------------------------------------------------------------------------------------------------------------------------------------+
; Analysis & Synthesis Source Files Read                                                                                                         ;
+----------------------------------+-----------------+------------------------------------+--------------------------------------------+---------+
; File Name with User-Entered Path ; Used in Netlist ; File Type                          ; File Name with Absolute Path               ; Library ;
+----------------------------------+-----------------+------------------------------------+--------------------------------------------+---------+
; FA.bdf                           ; yes             ; User Block Diagram/Schematic File  ; D:/uni/summer/Az1/FA.bdf                   ;         ;
; fourBitAdder.bdf                 ; yes             ; User Block Diagram/Schematic File  ; D:/uni/summer/Az1/fourBitAdder.bdf         ;         ;
; MUX.bdf                          ; yes             ; User Block Diagram/Schematic File  ; D:/uni/summer/Az1/MUX.bdf                  ;         ;
; fourBitMUX.bdf                   ; yes             ; User Block Diagram/Schematic File  ; D:/uni/summer/Az1/fourBitMUX.bdf           ;         ;
; RemainderForOneDigit.bdf         ; yes             ; User Block Diagram/Schematic File  ; D:/uni/summer/Az1/RemainderForOneDigit.bdf ;         ;
; RemainderOf3.bdf                 ; yes             ; User Block Diagram/Schematic File  ; D:/uni/summer/Az1/RemainderOf3.bdf         ;         ;
; RemainderOf11.bdf                ; yes             ; User Block Diagram/Schematic File  ; D:/uni/summer/Az1/RemainderOf11.bdf        ;         ;
; Az1.bdf                          ; yes             ; User Block Diagram/Schematic File  ; D:/uni/summer/Az1/Az1.bdf                  ;         ;
+----------------------------------+-----------------+------------------------------------+--------------------------------------------+---------+


+---------------------------------------------+
; Analysis & Synthesis Resource Usage Summary ;
+--------------------------+------------------+
; Resource                 ; Usage            ;
+--------------------------+------------------+
; I/O pins                 ; 18               ;
; DSP block 9-bit elements ; 0                ;
; Maximum fan-out node     ; D1[0]~input      ;
; Maximum fan-out          ; 8                ;
; Total fan-out            ; 181              ;
; Average fan-out          ; 2.29             ;
+--------------------------+------------------+


+--------------------------------------------------------------------------------------------------------------------------------------------------------------------------------------------------------------------------+
; Analysis & Synthesis Resource Utilization by Entity                                                                                                                                                                      ;
+----------------------------+-------------------+--------------+-------------+--------------+---------+-----------+-----------+------+--------------+------------------------------------------------------+--------------+
; Compilation Hierarchy Node ; LC Combinationals ; LC Registers ; Memory Bits ; DSP Elements ; DSP 9x9 ; DSP 18x18 ; DSP 36x36 ; Pins ; Virtual Pins ; Full Hierarchy Name                                  ; Library Name ;
+----------------------------+-------------------+--------------+-------------+--------------+---------+-----------+-----------+------+--------------+------------------------------------------------------+--------------+
; |Az1                       ; 43 (0)            ; 0 (0)        ; 0           ; 0            ; 0       ; 0         ; 0         ; 18   ; 0            ; |Az1                                                 ; work         ;
;    |RemainderOf11:inst3|   ; 30 (7)            ; 0 (0)        ; 0           ; 0            ; 0       ; 0         ; 0         ; 0    ; 0            ; |Az1|RemainderOf11:inst3                             ; work         ;
;       |fourBitAdder:inst1| ; 1 (0)             ; 0 (0)        ; 0           ; 0            ; 0       ; 0         ; 0         ; 0    ; 0            ; |Az1|RemainderOf11:inst3|fourBitAdder:inst1          ; work         ;
;          |FA:inst1|        ; 1 (1)             ; 0 (0)        ; 0           ; 0            ; 0       ; 0         ; 0         ; 0    ; 0            ; |Az1|RemainderOf11:inst3|fourBitAdder:inst1|FA:inst1 ; work         ;
;       |fourBitAdder:inst2| ; 8 (0)             ; 0 (0)        ; 0           ; 0            ; 0       ; 0         ; 0         ; 0    ; 0            ; |Az1|RemainderOf11:inst3|fourBitAdder:inst2          ; work         ;
;          |FA:inst1|        ; 1 (1)             ; 0 (0)        ; 0           ; 0            ; 0       ; 0         ; 0         ; 0    ; 0            ; |Az1|RemainderOf11:inst3|fourBitAdder:inst2|FA:inst1 ; work         ;
;          |FA:inst2|        ; 1 (1)             ; 0 (0)        ; 0           ; 0            ; 0       ; 0         ; 0         ; 0    ; 0            ; |Az1|RemainderOf11:inst3|fourBitAdder:inst2|FA:inst2 ; work         ;
;          |FA:inst3|        ; 6 (6)             ; 0 (0)        ; 0           ; 0            ; 0       ; 0         ; 0         ; 0    ; 0            ; |Az1|RemainderOf11:inst3|fourBitAdder:inst2|FA:inst3 ; work         ;
;       |fourBitAdder:inst5| ; 2 (0)             ; 0 (0)        ; 0           ; 0            ; 0       ; 0         ; 0         ; 0    ; 0            ; |Az1|RemainderOf11:inst3|fourBitAdder:inst5          ; work         ;
;          |FA:inst1|        ; 1 (1)             ; 0 (0)        ; 0           ; 0            ; 0       ; 0         ; 0         ; 0    ; 0            ; |Az1|RemainderOf11:inst3|fourBitAdder:inst5|FA:inst1 ; work         ;
;          |FA:inst2|        ; 1 (1)             ; 0 (0)        ; 0           ; 0            ; 0       ; 0         ; 0         ; 0    ; 0            ; |Az1|RemainderOf11:inst3|fourBitAdder:inst5|FA:inst2 ; work         ;
;       |fourBitAdder:inst|  ; 8 (0)             ; 0 (0)        ; 0           ; 0            ; 0       ; 0         ; 0         ; 0    ; 0            ; |Az1|RemainderOf11:inst3|fourBitAdder:inst           ; work         ;
;          |FA:inst1|        ; 1 (1)             ; 0 (0)        ; 0           ; 0            ; 0       ; 0         ; 0         ; 0    ; 0            ; |Az1|RemainderOf11:inst3|fourBitAdder:inst|FA:inst1  ; work         ;
;          |FA:inst2|        ; 1 (1)             ; 0 (0)        ; 0           ; 0            ; 0       ; 0         ; 0         ; 0    ; 0            ; |Az1|RemainderOf11:inst3|fourBitAdder:inst|FA:inst2  ; work         ;
;          |FA:inst3|        ; 6 (6)             ; 0 (0)        ; 0           ; 0            ; 0       ; 0         ; 0         ; 0    ; 0            ; |Az1|RemainderOf11:inst3|fourBitAdder:inst|FA:inst3  ; work         ;
;       |fourBitMUX:inst26|  ; 3 (0)             ; 0 (0)        ; 0           ; 0            ; 0       ; 0         ; 0         ; 0    ; 0            ; |Az1|RemainderOf11:inst3|fourBitMUX:inst26           ; work         ;
;          |MUX:inst1|       ; 1 (1)             ; 0 (0)        ; 0           ; 0            ; 0       ; 0         ; 0         ; 0    ; 0            ; |Az1|RemainderOf11:inst3|fourBitMUX:inst26|MUX:inst1 ; work         ;
;          |MUX:inst2|       ; 1 (1)             ; 0 (0)        ; 0           ; 0            ; 0       ; 0         ; 0         ; 0    ; 0            ; |Az1|RemainderOf11:inst3|fourBitMUX:inst26|MUX:inst2 ; work         ;
;          |MUX:inst|        ; 1 (1)             ; 0 (0)        ; 0           ; 0            ; 0       ; 0         ; 0         ; 0    ; 0            ; |Az1|RemainderOf11:inst3|fourBitMUX:inst26|MUX:inst  ; work         ;
;       |fourBitMUX:inst27|  ; 1 (0)             ; 0 (0)        ; 0           ; 0            ; 0       ; 0         ; 0         ; 0    ; 0            ; |Az1|RemainderOf11:inst3|fourBitMUX:inst27           ; work         ;
;          |MUX:inst2|       ; 1 (1)             ; 0 (0)        ; 0           ; 0            ; 0       ; 0         ; 0         ; 0    ; 0            ; |Az1|RemainderOf11:inst3|fourBitMUX:inst27|MUX:inst2 ; work         ;
;    |RemainderOf3:inst|     ; 13 (13)           ; 0 (0)        ; 0           ; 0            ; 0       ; 0         ; 0         ; 0    ; 0            ; |Az1|RemainderOf3:inst                               ; work         ;
+----------------------------+-------------------+--------------+-------------+--------------+---------+-----------+-----------+------+--------------+------------------------------------------------------+--------------+
Note: For table entries with two numbers listed, the numbers in parentheses indicate the number of resources of the given type used by the specific entity alone. The numbers listed outside of parentheses indicate the total resources of the given type used by the specific entity and all of its sub-entities in the hierarchy.


+------------------------------------------------------+
; General Register Statistics                          ;
+----------------------------------------------+-------+
; Statistic                                    ; Value ;
+----------------------------------------------+-------+
; Total registers                              ; 0     ;
; Number of registers using Synchronous Clear  ; 0     ;
; Number of registers using Synchronous Load   ; 0     ;
; Number of registers using Asynchronous Clear ; 0     ;
; Number of registers using Asynchronous Load  ; 0     ;
; Number of registers using Clock Enable       ; 0     ;
; Number of registers using Preset             ; 0     ;
+----------------------------------------------+-------+


+-------------------------------+
; Elapsed Time Per Partition    ;
+----------------+--------------+
; Partition Name ; Elapsed Time ;
+----------------+--------------+
; Top            ; 00:00:00     ;
+----------------+--------------+


+-------------------------------+
; Analysis & Synthesis Messages ;
+-------------------------------+
Info: *******************************************************************
Info: Running Quartus II 64-Bit Analysis & Synthesis
    Info: Version 13.1.0 Build 162 10/23/2013 SJ Web Edition
    Info: Processing started: Thu Jul 06 03:10:31 2023
Info: Command: quartus_map --read_settings_files=on --write_settings_files=off Az1 -c Az1
Warning (20028): Parallel compilation is not licensed and has been disabled
Info (12021): Found 1 design units, including 1 entities, in source file fa.bdf
    Info (12023): Found entity 1: FA
Info (12021): Found 1 design units, including 1 entities, in source file fourbitadder.bdf
    Info (12023): Found entity 1: fourBitAdder
Warning (12090): Entity "MUX" obtained from "MUX.bdf" instead of from Quartus II megafunction library
Info (12021): Found 1 design units, including 1 entities, in source file mux.bdf
    Info (12023): Found entity 1: MUX
Info (12021): Found 1 design units, including 1 entities, in source file fourbitmux.bdf
    Info (12023): Found entity 1: fourBitMUX
Info (12021): Found 1 design units, including 1 entities, in source file remainderforonedigit.bdf
    Info (12023): Found entity 1: RemainderForOneDigit
Info (12021): Found 1 design units, including 1 entities, in source file remainderof3.bdf
    Info (12023): Found entity 1: RemainderOf3
Info (12021): Found 1 design units, including 1 entities, in source file remainderof11.bdf
    Info (12023): Found entity 1: RemainderOf11
Info (12021): Found 1 design units, including 1 entities, in source file az1.bdf
    Info (12023): Found entity 1: Az1
Info (12127): Elaborating entity "Az1" for the top level hierarchy
Info (12128): Elaborating entity "RemainderOf3" for hierarchy "RemainderOf3:inst"
Info (12128): Elaborating entity "MUX" for hierarchy "RemainderOf3:inst|MUX:inst18"
Info (12128): Elaborating entity "RemainderForOneDigit" for hierarchy "RemainderOf3:inst|RemainderForOneDigit:inst9"
Info (12128): Elaborating entity "fourBitAdder" for hierarchy "RemainderOf3:inst|fourBitAdder:inst7"
Info (12128): Elaborating entity "FA" for hierarchy "RemainderOf3:inst|fourBitAdder:inst7|FA:inst3"
Info (12128): Elaborating entity "RemainderOf11" for hierarchy "RemainderOf11:inst3"
Warning (275083): Bus "Sum1[3..0]" found using same base name as "Sum", which might lead to a name conflict.
Warning (275083): Bus "Sum1[3..0]" found using same base name as "Sum", which might lead to a name conflict.
Warning (275083): Bus "S1[3..0]" found using same base name as "S", which might lead to a name conflict.
Warning (275083): Bus "S1[3..0]" found using same base name as "S", which might lead to a name conflict.
Warning (275080): Converted elements in bus name "S" using legacy naming rules. Make any assignments on the new names, not on the original names.
    Warning (275081): Converted element name(s) from "S[3..0]" to "S3..0"
    Warning (275081): Converted element name(s) from "S[3..0]" to "S3..0"
    Warning (275081): Converted element name(s) from "S[3..0]" to "S3..0"
    Warning (275081): Converted element name(s) from "S[3]" to "S3"
    Warning (275081): Converted element name(s) from "S[2]" to "S2"
    Warning (275081): Converted element name(s) from "S[3]" to "S3"
    Warning (275081): Converted element name(s) from "S[2]" to "S2"
    Warning (275081): Converted element name(s) from "S[1]" to "S1"
    Warning (275081): Converted element name(s) from "S[0]" to "S0"
Warning (275080): Converted elements in bus name "S1" using legacy naming rules. Make any assignments on the new names, not on the original names.
    Warning (275081): Converted element name(s) from "S1[3..0]" to "S13..0"
    Warning (275081): Converted element name(s) from "S1[3..0]" to "S13..0"
Warning (275080): Converted elements in bus name "Sum" using legacy naming rules. Make any assignments on the new names, not on the original names.
    Warning (275081): Converted element name(s) from "Sum[3..0]" to "Sum3..0"
    Warning (275081): Converted element name(s) from "Sum[3..0]" to "Sum3..0"
    Warning (275081): Converted element name(s) from "Sum[3..0]" to "Sum3..0"
    Warning (275081): Converted element name(s) from "Sum[3]" to "Sum3"
    Warning (275081): Converted element name(s) from "Sum[2]" to "Sum2"
    Warning (275081): Converted element name(s) from "Sum[3]" to "Sum3"
    Warning (275081): Converted element name(s) from "Sum[1]" to "Sum1"
    Warning (275081): Converted element name(s) from "Sum[0]" to "Sum0"
    Warning (275081): Converted element name(s) from "Sum[2]" to "Sum2"
Warning (275080): Converted elements in bus name "Sum1" using legacy naming rules. Make any assignments on the new names, not on the original names.
    Warning (275081): Converted element name(s) from "Sum1[3..0]" to "Sum13..0"
    Warning (275081): Converted element name(s) from "Sum1[3..0]" to "Sum13..0"
Info (12128): Elaborating entity "fourBitMUX" for hierarchy "RemainderOf11:inst3|fourBitMUX:inst26"
Info (286030): Timing-Driven Synthesis is running
Info (16010): Generating hard_block partition "hard_block:auto_generated_inst"
    Info (16011): Adding 0 node(s), including 0 DDIO, 0 PLL, 0 transceiver and 0 LCELL
Info (21057): Implemented 61 device resources after synthesis - the final resource count might be different
    Info (21058): Implemented 16 input pins
    Info (21059): Implemented 2 output pins
    Info (21061): Implemented 43 logic cells
Info: Quartus II 64-Bit Analysis & Synthesis was successful. 0 errors, 32 warnings
    Info: Peak virtual memory: 4675 megabytes
    Info: Processing ended: Thu Jul 06 03:10:32 2023
    Info: Elapsed time: 00:00:01
    Info: Total CPU time (on all processors): 00:00:01


