#! /c/Source/iverilog-install/bin/vvp
:ivl_version "12.0 (devel)" "(s20150603-1110-g18392a46)";
:ivl_delay_selection "TYPICAL";
:vpi_time_precision + 0;
:vpi_module "C:\iverilog\lib\ivl\system.vpi";
:vpi_module "C:\iverilog\lib\ivl\vhdl_sys.vpi";
:vpi_module "C:\iverilog\lib\ivl\vhdl_textio.vpi";
:vpi_module "C:\iverilog\lib\ivl\v2005_math.vpi";
:vpi_module "C:\iverilog\lib\ivl\va_math.vpi";
S_0000022e1ebc1300 .scope module, "TB" "TB" 2 1;
 .timescale 0 0;
v0000022e1ebc0ee0_0 .net "E", 0 0, L_0000022e1ebbbe00;  1 drivers
v0000022e1ec27940_0 .net "G", 0 0, L_0000022e1ebbc340;  1 drivers
v0000022e1ec28020_0 .net "L", 0 0, L_0000022e1ec2b6f0;  1 drivers
v0000022e1ec28b60_0 .var "a", 0 0;
v0000022e1ec28f20_0 .var "b", 0 0;
v0000022e1ec27620_0 .var "clk", 0 0;
v0000022e1ec273a0_0 .var "reset", 0 0;
S_0000022e1ebc4b70 .scope module, "cmp" "comparator" 2 5, 3 1 0, S_0000022e1ebc1300;
 .timescale 0 0;
    .port_info 0 /INPUT 1 "a";
    .port_info 1 /INPUT 1 "b";
    .port_info 2 /INPUT 1 "clk";
    .port_info 3 /INPUT 1 "reset";
    .port_info 4 /OUTPUT 1 "G";
    .port_info 5 /OUTPUT 1 "E";
    .port_info 6 /OUTPUT 1 "L";
L_0000022e1ebbba80 .functor NOT 1, v0000022e1ec273a0_0, C4<0>, C4<0>, C4<0>;
L_0000022e1ebbc1f0 .functor AND 1, L_0000022e1ebbbe00, L_0000022e1ec27f80, C4<1>, C4<1>;
L_0000022e1ebbc260 .functor OR 1, L_0000022e1ebbc340, L_0000022e1ebbc1f0, C4<0>, C4<0>;
L_0000022e1ebbc500 .functor AND 1, L_0000022e1ebbba80, L_0000022e1ebbc260, C4<1>, C4<1>;
L_0000022e1ebbc2d0 .functor XNOR 1, v0000022e1ec28b60_0, v0000022e1ec28f20_0, C4<0>, C4<0>;
L_0000022e1ebbb9a0 .functor AND 1, L_0000022e1ebbbe00, L_0000022e1ebbc2d0, C4<1>, C4<1>;
L_0000022e1ebbbf50 .functor OR 1, v0000022e1ec273a0_0, L_0000022e1ebbb9a0, C4<0>, C4<0>;
L_0000022e1ebbc0a0 .functor NOT 1, v0000022e1ec273a0_0, C4<0>, C4<0>, C4<0>;
L_0000022e1ebbbbd0 .functor AND 1, L_0000022e1ebbbe00, L_0000022e1ec28160, C4<1>, C4<1>;
L_0000022e1ebbbd20 .functor OR 1, L_0000022e1ec2b6f0, L_0000022e1ebbbbd0, C4<0>, C4<0>;
L_0000022e1ebbbd90 .functor AND 1, L_0000022e1ebbc0a0, L_0000022e1ebbbd20, C4<1>, C4<1>;
L_0000022e1ebbbe70 .functor AND 1, L_0000022e1ebbc500, v0000022e1ec27620_0, C4<1>, C4<1>;
L_0000022e1ebbb770 .functor NOT 1, L_0000022e1ebbbe70, C4<0>, C4<0>, C4<0>;
L_0000022e1ebbbb60 .functor AND 1, L_0000022e1ebbbee0, L_0000022e1ebbb770, C4<1>, C4<1>;
L_0000022e1ebbc340 .functor NOT 1, L_0000022e1ebbbb60, C4<0>, C4<0>, C4<0>;
L_0000022e1ebbbaf0 .functor NOT 1, L_0000022e1ebbc500, C4<0>, C4<0>, C4<0>;
L_0000022e1ebbc420 .functor AND 1, L_0000022e1ebbbaf0, v0000022e1ec27620_0, C4<1>, C4<1>;
L_0000022e1ebbba10 .functor NOT 1, L_0000022e1ebbc420, C4<0>, C4<0>, C4<0>;
L_0000022e1ebbbfc0 .functor AND 1, L_0000022e1ebbc340, L_0000022e1ebbba10, C4<1>, C4<1>;
L_0000022e1ebbbee0 .functor NOT 1, L_0000022e1ebbbfc0, C4<0>, C4<0>, C4<0>;
L_0000022e1ebbc030 .functor AND 1, L_0000022e1ebbbf50, v0000022e1ec27620_0, C4<1>, C4<1>;
L_0000022e1ebbc3b0 .functor NOT 1, L_0000022e1ebbc030, C4<0>, C4<0>, C4<0>;
L_0000022e1ebbbc40 .functor AND 1, L_0000022e1ebbb690, L_0000022e1ebbc3b0, C4<1>, C4<1>;
L_0000022e1ebbbe00 .functor NOT 1, L_0000022e1ebbbc40, C4<0>, C4<0>, C4<0>;
L_0000022e1ebbc490 .functor NOT 1, L_0000022e1ebbbf50, C4<0>, C4<0>, C4<0>;
L_0000022e1ebbc570 .functor AND 1, L_0000022e1ebbc490, v0000022e1ec27620_0, C4<1>, C4<1>;
L_0000022e1ebbb850 .functor NOT 1, L_0000022e1ebbc570, C4<0>, C4<0>, C4<0>;
L_0000022e1ebbb8c0 .functor AND 1, L_0000022e1ebbbe00, L_0000022e1ebbb850, C4<1>, C4<1>;
L_0000022e1ebbb690 .functor NOT 1, L_0000022e1ebbb8c0, C4<0>, C4<0>, C4<0>;
L_0000022e1ebbb930 .functor AND 1, L_0000022e1ebbbd90, v0000022e1ec27620_0, C4<1>, C4<1>;
L_0000022e1ec2b760 .functor NOT 1, L_0000022e1ebbb930, C4<0>, C4<0>, C4<0>;
L_0000022e1ec2bd10 .functor AND 1, L_0000022e1ec2bdf0, L_0000022e1ec2b760, C4<1>, C4<1>;
L_0000022e1ec2b6f0 .functor NOT 1, L_0000022e1ec2bd10, C4<0>, C4<0>, C4<0>;
L_0000022e1ec2b140 .functor NOT 1, L_0000022e1ebbbd90, C4<0>, C4<0>, C4<0>;
L_0000022e1ec2b990 .functor AND 1, L_0000022e1ec2b140, v0000022e1ec27620_0, C4<1>, C4<1>;
L_0000022e1ec2bca0 .functor NOT 1, L_0000022e1ec2b990, C4<0>, C4<0>, C4<0>;
L_0000022e1ec2bd80 .functor AND 1, L_0000022e1ec2b6f0, L_0000022e1ec2bca0, C4<1>, C4<1>;
L_0000022e1ec2bdf0 .functor NOT 1, L_0000022e1ec2bd80, C4<0>, C4<0>, C4<0>;
v0000022e1ebc09e0_0 .net "E", 0 0, L_0000022e1ebbbe00;  alias, 1 drivers
v0000022e1ebbfe00_0 .net "Ein", 0 0, L_0000022e1ebbbf50;  1 drivers
v0000022e1ebc0120_0 .net "En", 0 0, L_0000022e1ebbb690;  1 drivers
v0000022e1ebbf400_0 .net "G", 0 0, L_0000022e1ebbc340;  alias, 1 drivers
v0000022e1ebbfc20_0 .net "Gin", 0 0, L_0000022e1ebbc500;  1 drivers
v0000022e1ebc0260_0 .net "Gn", 0 0, L_0000022e1ebbbee0;  1 drivers
v0000022e1ebc10c0_0 .net "L", 0 0, L_0000022e1ec2b6f0;  alias, 1 drivers
v0000022e1ebc0e40_0 .net "Lin", 0 0, L_0000022e1ebbbd90;  1 drivers
v0000022e1ebbf360_0 .net "Ln", 0 0, L_0000022e1ec2bdf0;  1 drivers
v0000022e1ebc0b20_0 .net *"_ivl_0", 0 0, L_0000022e1ebbba80;  1 drivers
v0000022e1ebc04e0_0 .net *"_ivl_10", 0 0, L_0000022e1ebbc2d0;  1 drivers
v0000022e1ebbf4a0_0 .net *"_ivl_13", 0 0, L_0000022e1ebbb9a0;  1 drivers
v0000022e1ebc0bc0_0 .net *"_ivl_16", 0 0, L_0000022e1ebbc0a0;  1 drivers
v0000022e1ebc0800_0 .net *"_ivl_18", 0 0, L_0000022e1ec28160;  1 drivers
v0000022e1ebc0300_0 .net *"_ivl_2", 0 0, L_0000022e1ec27f80;  1 drivers
v0000022e1ebbfae0_0 .net *"_ivl_21", 0 0, L_0000022e1ebbbbd0;  1 drivers
v0000022e1ebc1020_0 .net *"_ivl_23", 0 0, L_0000022e1ebbbd20;  1 drivers
v0000022e1ebbf680_0 .net *"_ivl_27", 0 0, L_0000022e1ebbbe70;  1 drivers
v0000022e1ebc1160_0 .net *"_ivl_28", 0 0, L_0000022e1ebbb770;  1 drivers
v0000022e1ebbfcc0_0 .net *"_ivl_31", 0 0, L_0000022e1ebbbb60;  1 drivers
v0000022e1ebbf900_0 .net *"_ivl_34", 0 0, L_0000022e1ebbbaf0;  1 drivers
v0000022e1ebbf2c0_0 .net *"_ivl_37", 0 0, L_0000022e1ebbc420;  1 drivers
v0000022e1ebbfd60_0 .net *"_ivl_38", 0 0, L_0000022e1ebbba10;  1 drivers
v0000022e1ebbfea0_0 .net *"_ivl_41", 0 0, L_0000022e1ebbbfc0;  1 drivers
v0000022e1ebc0c60_0 .net *"_ivl_45", 0 0, L_0000022e1ebbc030;  1 drivers
v0000022e1ebbf7c0_0 .net *"_ivl_46", 0 0, L_0000022e1ebbc3b0;  1 drivers
v0000022e1ebbff40_0 .net *"_ivl_49", 0 0, L_0000022e1ebbbc40;  1 drivers
v0000022e1ebc06c0_0 .net *"_ivl_5", 0 0, L_0000022e1ebbc1f0;  1 drivers
v0000022e1ebbf720_0 .net *"_ivl_52", 0 0, L_0000022e1ebbc490;  1 drivers
v0000022e1ebbf540_0 .net *"_ivl_55", 0 0, L_0000022e1ebbc570;  1 drivers
v0000022e1ebc0d00_0 .net *"_ivl_56", 0 0, L_0000022e1ebbb850;  1 drivers
v0000022e1ebbf5e0_0 .net *"_ivl_59", 0 0, L_0000022e1ebbb8c0;  1 drivers
v0000022e1ebbffe0_0 .net *"_ivl_63", 0 0, L_0000022e1ebbb930;  1 drivers
v0000022e1ebc0440_0 .net *"_ivl_64", 0 0, L_0000022e1ec2b760;  1 drivers
v0000022e1ebc0080_0 .net *"_ivl_67", 0 0, L_0000022e1ec2bd10;  1 drivers
v0000022e1ebc0a80_0 .net *"_ivl_7", 0 0, L_0000022e1ebbc260;  1 drivers
v0000022e1ebc0580_0 .net *"_ivl_70", 0 0, L_0000022e1ec2b140;  1 drivers
v0000022e1ebbf860_0 .net *"_ivl_73", 0 0, L_0000022e1ec2b990;  1 drivers
v0000022e1ebbf9a0_0 .net *"_ivl_74", 0 0, L_0000022e1ec2bca0;  1 drivers
v0000022e1ebc01c0_0 .net *"_ivl_77", 0 0, L_0000022e1ec2bd80;  1 drivers
v0000022e1ebc0620_0 .net "a", 0 0, v0000022e1ec28b60_0;  1 drivers
v0000022e1ebc0760_0 .net "b", 0 0, v0000022e1ec28f20_0;  1 drivers
v0000022e1ebc0940_0 .net "clk", 0 0, v0000022e1ec27620_0;  1 drivers
v0000022e1ebc0da0_0 .net "reset", 0 0, v0000022e1ec273a0_0;  1 drivers
L_0000022e1ec27f80 .cmp/gt 1, v0000022e1ec28b60_0, v0000022e1ec28f20_0;
L_0000022e1ec28160 .cmp/gt 1, v0000022e1ec28f20_0, v0000022e1ec28b60_0;
    .scope S_0000022e1ebc1300;
T_0 ;
    %pushi/vec4 1, 0, 1;
    %store/vec4 v0000022e1ec27620_0, 0, 1;
    %end;
    .thread T_0;
    .scope S_0000022e1ebc1300;
T_1 ;
    %delay 2, 0;
    %load/vec4 v0000022e1ec27620_0;
    %inv;
    %store/vec4 v0000022e1ec27620_0, 0, 1;
    %jmp T_1;
    .thread T_1;
    .scope S_0000022e1ebc1300;
T_2 ;
    %vpi_call 2 12 "$dumpfile", "waveform.vcd" {0 0 0};
    %vpi_call 2 13 "$dumpvars", 32'sb00000000000000000000000000000000, S_0000022e1ebc1300 {0 0 0};
    %pushi/vec4 1, 0, 1;
    %store/vec4 v0000022e1ec273a0_0, 0, 1;
    %pushi/vec4 0, 0, 1;
    %store/vec4 v0000022e1ec28b60_0, 0, 1;
    %pushi/vec4 0, 0, 1;
    %store/vec4 v0000022e1ec28f20_0, 0, 1;
    %delay 4, 0;
    %pushi/vec4 0, 0, 1;
    %store/vec4 v0000022e1ec273a0_0, 0, 1;
    %pushi/vec4 0, 0, 1;
    %store/vec4 v0000022e1ec28b60_0, 0, 1;
    %pushi/vec4 0, 0, 1;
    %store/vec4 v0000022e1ec28f20_0, 0, 1;
    %delay 4, 0;
    %pushi/vec4 1, 0, 1;
    %store/vec4 v0000022e1ec28b60_0, 0, 1;
    %pushi/vec4 1, 0, 1;
    %store/vec4 v0000022e1ec28f20_0, 0, 1;
    %delay 4, 0;
    %pushi/vec4 0, 0, 1;
    %store/vec4 v0000022e1ec28b60_0, 0, 1;
    %pushi/vec4 1, 0, 1;
    %store/vec4 v0000022e1ec28f20_0, 0, 1;
    %delay 4, 0;
    %pushi/vec4 1, 0, 1;
    %store/vec4 v0000022e1ec28b60_0, 0, 1;
    %pushi/vec4 0, 0, 1;
    %store/vec4 v0000022e1ec28f20_0, 0, 1;
    %delay 4, 0;
    %pushi/vec4 1, 0, 1;
    %store/vec4 v0000022e1ec28b60_0, 0, 1;
    %pushi/vec4 1, 0, 1;
    %store/vec4 v0000022e1ec28f20_0, 0, 1;
    %delay 4, 0;
    %pushi/vec4 1, 0, 1;
    %store/vec4 v0000022e1ec273a0_0, 0, 1;
    %delay 4, 0;
    %pushi/vec4 0, 0, 1;
    %store/vec4 v0000022e1ec273a0_0, 0, 1;
    %pushi/vec4 0, 0, 1;
    %store/vec4 v0000022e1ec28b60_0, 0, 1;
    %pushi/vec4 0, 0, 1;
    %store/vec4 v0000022e1ec28f20_0, 0, 1;
    %delay 4, 0;
    %pushi/vec4 1, 0, 1;
    %store/vec4 v0000022e1ec28b60_0, 0, 1;
    %pushi/vec4 1, 0, 1;
    %store/vec4 v0000022e1ec28f20_0, 0, 1;
    %delay 4, 0;
    %pushi/vec4 1, 0, 1;
    %store/vec4 v0000022e1ec28b60_0, 0, 1;
    %pushi/vec4 0, 0, 1;
    %store/vec4 v0000022e1ec28f20_0, 0, 1;
    %delay 4, 0;
    %pushi/vec4 0, 0, 1;
    %store/vec4 v0000022e1ec28b60_0, 0, 1;
    %pushi/vec4 1, 0, 1;
    %store/vec4 v0000022e1ec28f20_0, 0, 1;
    %delay 4, 0;
    %pushi/vec4 0, 0, 1;
    %store/vec4 v0000022e1ec28b60_0, 0, 1;
    %pushi/vec4 0, 0, 1;
    %store/vec4 v0000022e1ec28f20_0, 0, 1;
    %delay 4, 0;
    %vpi_call 2 26 "$finish" {0 0 0};
    %end;
    .thread T_2;
# The file index is used to find the file name in the following table.
:file_names 4;
    "N/A";
    "<interactive>";
    "TB.v";
    "comparator.v";
