#! /c/Source/iverilog-install/bin/vvp
:ivl_version "12.0 (devel)" "(s20150603-1110-g18392a46)";
:ivl_delay_selection "TYPICAL";
:vpi_time_precision + 0;
:vpi_module "C:\iverilog\lib\ivl\system.vpi";
:vpi_module "C:\iverilog\lib\ivl\vhdl_sys.vpi";
:vpi_module "C:\iverilog\lib\ivl\vhdl_textio.vpi";
:vpi_module "C:\iverilog\lib\ivl\v2005_math.vpi";
:vpi_module "C:\iverilog\lib\ivl\va_math.vpi";
S_000002583e4bf5c0 .scope module, "TB" "TB" 2 1;
 .timescale 0 0;
v000002583e5292e0_0 .var "A", 3 0;
v000002583e5296a0_0 .var "B", 3 0;
v000002583e5297e0_0 .var "clk", 0 0;
v000002583e528c00_0 .net "finish", 0 0, v000002583e4bd0a0_0;  1 drivers
v000002583e5288e0_0 .net "res", 7 0, L_000002583e528e80;  1 drivers
v000002583e528980_0 .var "rstn", 0 0;
S_000002583e4c7080 .scope module, "mul" "Multiply" 2 7, 3 1 0, S_000002583e4bf5c0;
 .timescale 0 0;
    .port_info 0 /INPUT 4 "multiplier";
    .port_info 1 /INPUT 4 "multiplicand";
    .port_info 2 /INPUT 1 "rstn";
    .port_info 3 /INPUT 1 "clk";
    .port_info 4 /OUTPUT 8 "result";
    .port_info 5 /OUTPUT 1 "finish";
v000002583e529560_0 .net "clk", 0 0, v000002583e5297e0_0;  1 drivers
v000002583e5291a0_0 .net "counter", 2 0, v000002583e492d80_0;  1 drivers
v000002583e529600_0 .net "finish", 0 0, v000002583e4bd0a0_0;  alias, 1 drivers
v000002583e528ac0_0 .net "multiplicand", 3 0, v000002583e5296a0_0;  1 drivers
v000002583e529740_0 .net "multiplier", 3 0, v000002583e5292e0_0;  1 drivers
v000002583e529060_0 .net "op", 0 0, v000002583e4bd140_0;  1 drivers
v000002583e529100_0 .net "result", 7 0, L_000002583e528e80;  alias, 1 drivers
v000002583e528b60_0 .net "rstn", 0 0, v000002583e528980_0;  1 drivers
v000002583e528de0_0 .net "shift", 2 0, v000002583e4ca070_0;  1 drivers
S_000002583e4c7210 .scope module, "CU" "ControlUnit" 3 10, 4 1 0, S_000002583e4c7080;
 .timescale 0 0;
    .port_info 0 /INPUT 3 "counter";
    .port_info 1 /INPUT 8 "result";
    .port_info 2 /INPUT 1 "rstn";
    .port_info 3 /INPUT 1 "clk";
    .port_info 4 /OUTPUT 3 "shift";
    .port_info 5 /OUTPUT 1 "op";
    .port_info 6 /OUTPUT 1 "finish";
v000002583e493460_0 .net "clk", 0 0, v000002583e5297e0_0;  alias, 1 drivers
v000002583e4d1310_0 .net "counter", 2 0, v000002583e492d80_0;  alias, 1 drivers
v000002583e4bd0a0_0 .var "finish", 0 0;
v000002583e4bd140_0 .var "op", 0 0;
v000002583e4c73a0_0 .net "result", 7 0, L_000002583e528e80;  alias, 1 drivers
v000002583e4c7440_0 .net "rstn", 0 0, v000002583e528980_0;  alias, 1 drivers
v000002583e4ca070_0 .var "shift", 2 0;
E_000002583e4c0280/0 .event negedge, v000002583e4c7440_0;
E_000002583e4c0280/1 .event posedge, v000002583e493460_0;
E_000002583e4c0280 .event/or E_000002583e4c0280/0, E_000002583e4c0280/1;
S_000002583e4ca110 .scope module, "DP" "DataPath" 3 11, 5 1 0, S_000002583e4c7080;
 .timescale 0 0;
    .port_info 0 /INPUT 4 "multiplier";
    .port_info 1 /INPUT 4 "multiplicand";
    .port_info 2 /INPUT 1 "rstn";
    .port_info 3 /INPUT 1 "clk";
    .port_info 4 /INPUT 3 "shift";
    .port_info 5 /INPUT 1 "op";
    .port_info 6 /INPUT 1 "finish";
    .port_info 7 /OUTPUT 8 "result";
    .port_info 8 /OUTPUT 3 "counter";
v000002583e4ca340_0 .var/s "A", 3 0;
v000002583e4ca3e0_0 .var/s "B", 3 0;
v000002583e4ca480_0 .var/s "C", 3 0;
v000002583e492ce0_0 .net "clk", 0 0, v000002583e5297e0_0;  alias, 1 drivers
v000002583e492d80_0 .var "counter", 2 0;
v000002583e528a20_0 .net "finish", 0 0, v000002583e4bd0a0_0;  alias, 1 drivers
v000002583e5294c0_0 .net "multiplicand", 3 0, v000002583e5296a0_0;  alias, 1 drivers
v000002583e529380_0 .net "multiplier", 3 0, v000002583e5292e0_0;  alias, 1 drivers
v000002583e528fc0_0 .net "op", 0 0, v000002583e4bd140_0;  alias, 1 drivers
v000002583e528d40_0 .net "result", 7 0, L_000002583e528e80;  alias, 1 drivers
v000002583e529420_0 .net "rstn", 0 0, v000002583e528980_0;  alias, 1 drivers
v000002583e529240_0 .net "shift", 2 0, v000002583e4ca070_0;  alias, 1 drivers
L_000002583e528e80 .concat [ 4 4 0 0], v000002583e4ca3e0_0, v000002583e4ca480_0;
    .scope S_000002583e4c7210;
T_0 ;
    %wait E_000002583e4c0280;
    %load/vec4 v000002583e4c7440_0;
    %nor/r;
    %flag_set/vec4 8;
    %jmp/0xz  T_0.0, 8;
    %pushi/vec4 0, 0, 1;
    %store/vec4 v000002583e4bd0a0_0, 0, 1;
    %pushi/vec4 0, 0, 3;
    %store/vec4 v000002583e4ca070_0, 0, 3;
    %pushi/vec4 1, 0, 1;
    %store/vec4 v000002583e4bd140_0, 0, 1;
    %jmp T_0.1;
T_0.0 ;
    %load/vec4 v000002583e4bd0a0_0;
    %nor/r;
    %flag_set/vec4 8;
    %jmp/0xz  T_0.2, 8;
    %load/vec4 v000002583e4d1310_0;
    %pad/u 32;
    %cmpi/e 0, 0, 32;
    %jmp/0xz  T_0.4, 4;
    %pushi/vec4 1, 0, 1;
    %store/vec4 v000002583e4bd0a0_0, 0, 1;
T_0.4 ;
    %load/vec4 v000002583e4c73a0_0;
    %parti/s 1, 0, 2;
    %load/vec4 v000002583e4bd140_0;
    %cmp/e;
    %flag_mov 8, 4;
    %load/vec4 v000002583e4d1310_0;
    %pad/u 32;
    %cmpi/e 0, 0, 32;
    %flag_or 4, 8;
    %jmp/0xz  T_0.6, 4;
    %pushi/vec4 0, 0, 3;
    %store/vec4 v000002583e4ca070_0, 0, 3;
    %jmp T_0.7;
T_0.6 ;
    %load/vec4 v000002583e4c73a0_0;
    %parti/s 1, 1, 2;
    %load/vec4 v000002583e4bd140_0;
    %cmp/e;
    %flag_mov 8, 4;
    %load/vec4 v000002583e4d1310_0;
    %pad/u 32;
    %cmpi/e 1, 0, 32;
    %flag_or 4, 8;
    %jmp/0xz  T_0.8, 4;
    %pushi/vec4 1, 0, 3;
    %store/vec4 v000002583e4ca070_0, 0, 3;
    %jmp T_0.9;
T_0.8 ;
    %load/vec4 v000002583e4c73a0_0;
    %parti/s 1, 2, 3;
    %load/vec4 v000002583e4bd140_0;
    %cmp/e;
    %flag_mov 8, 4;
    %load/vec4 v000002583e4d1310_0;
    %pad/u 32;
    %cmpi/e 2, 0, 32;
    %flag_or 4, 8;
    %jmp/0xz  T_0.10, 4;
    %pushi/vec4 2, 0, 3;
    %store/vec4 v000002583e4ca070_0, 0, 3;
    %jmp T_0.11;
T_0.10 ;
    %load/vec4 v000002583e4c73a0_0;
    %parti/s 1, 3, 3;
    %load/vec4 v000002583e4bd140_0;
    %cmp/e;
    %flag_mov 8, 4;
    %load/vec4 v000002583e4d1310_0;
    %pad/u 32;
    %cmpi/e 3, 0, 32;
    %flag_or 4, 8;
    %jmp/0xz  T_0.12, 4;
    %pushi/vec4 3, 0, 3;
    %store/vec4 v000002583e4ca070_0, 0, 3;
    %jmp T_0.13;
T_0.12 ;
    %pushi/vec4 4, 0, 3;
    %store/vec4 v000002583e4ca070_0, 0, 3;
T_0.13 ;
T_0.11 ;
T_0.9 ;
T_0.7 ;
    %load/vec4 v000002583e4bd140_0;
    %inv;
    %store/vec4 v000002583e4bd140_0, 0, 1;
T_0.2 ;
T_0.1 ;
    %jmp T_0;
    .thread T_0;
    .scope S_000002583e4ca110;
T_1 ;
    %wait E_000002583e4c0280;
    %load/vec4 v000002583e529420_0;
    %nor/r;
    %flag_set/vec4 8;
    %jmp/0xz  T_1.0, 8;
    %load/vec4 v000002583e5294c0_0;
    %store/vec4 v000002583e4ca340_0, 0, 4;
    %load/vec4 v000002583e529380_0;
    %store/vec4 v000002583e4ca3e0_0, 0, 4;
    %pushi/vec4 0, 0, 4;
    %store/vec4 v000002583e4ca480_0, 0, 4;
    %pushi/vec4 4, 0, 3;
    %store/vec4 v000002583e492d80_0, 0, 3;
    %jmp T_1.1;
T_1.0 ;
    %delay 1, 0;
    %load/vec4 v000002583e528a20_0;
    %nor/r;
    %flag_set/vec4 8;
    %jmp/0xz  T_1.2, 8;
    %load/vec4 v000002583e529240_0;
    %pad/u 32;
    %cmpi/e 1, 0, 32;
    %jmp/0xz  T_1.4, 4;
    %load/vec4 v000002583e4ca480_0;
    %parti/s 1, 3, 3;
    %load/vec4 v000002583e4ca480_0;
    %concat/vec4; draw_concat_vec4
    %load/vec4 v000002583e4ca3e0_0;
    %parti/s 3, 1, 2;
    %concat/vec4; draw_concat_vec4
    %split/vec4 4;
    %store/vec4 v000002583e4ca3e0_0, 0, 4;
    %store/vec4 v000002583e4ca480_0, 0, 4;
    %jmp T_1.5;
T_1.4 ;
    %load/vec4 v000002583e529240_0;
    %pad/u 32;
    %cmpi/e 2, 0, 32;
    %jmp/0xz  T_1.6, 4;
    %load/vec4 v000002583e4ca480_0;
    %parti/s 1, 3, 3;
    %load/vec4 v000002583e4ca480_0;
    %parti/s 1, 3, 3;
    %concat/vec4; draw_concat_vec4
    %load/vec4 v000002583e4ca480_0;
    %concat/vec4; draw_concat_vec4
    %load/vec4 v000002583e4ca3e0_0;
    %parti/s 2, 2, 3;
    %concat/vec4; draw_concat_vec4
    %split/vec4 4;
    %store/vec4 v000002583e4ca3e0_0, 0, 4;
    %store/vec4 v000002583e4ca480_0, 0, 4;
    %jmp T_1.7;
T_1.6 ;
    %load/vec4 v000002583e529240_0;
    %pad/u 32;
    %cmpi/e 3, 0, 32;
    %jmp/0xz  T_1.8, 4;
    %load/vec4 v000002583e4ca480_0;
    %parti/s 1, 3, 3;
    %load/vec4 v000002583e4ca480_0;
    %parti/s 1, 3, 3;
    %concat/vec4; draw_concat_vec4
    %load/vec4 v000002583e4ca480_0;
    %parti/s 1, 3, 3;
    %concat/vec4; draw_concat_vec4
    %load/vec4 v000002583e4ca480_0;
    %concat/vec4; draw_concat_vec4
    %load/vec4 v000002583e4ca3e0_0;
    %parti/s 1, 3, 3;
    %concat/vec4; draw_concat_vec4
    %split/vec4 4;
    %store/vec4 v000002583e4ca3e0_0, 0, 4;
    %store/vec4 v000002583e4ca480_0, 0, 4;
    %jmp T_1.9;
T_1.8 ;
    %load/vec4 v000002583e529240_0;
    %pad/u 32;
    %cmpi/e 4, 0, 32;
    %jmp/0xz  T_1.10, 4;
    %load/vec4 v000002583e4ca480_0;
    %parti/s 1, 3, 3;
    %load/vec4 v000002583e4ca480_0;
    %parti/s 1, 3, 3;
    %concat/vec4; draw_concat_vec4
    %load/vec4 v000002583e4ca480_0;
    %parti/s 1, 3, 3;
    %concat/vec4; draw_concat_vec4
    %load/vec4 v000002583e4ca480_0;
    %parti/s 1, 3, 3;
    %concat/vec4; draw_concat_vec4
    %load/vec4 v000002583e4ca480_0;
    %concat/vec4; draw_concat_vec4
    %split/vec4 4;
    %store/vec4 v000002583e4ca3e0_0, 0, 4;
    %store/vec4 v000002583e4ca480_0, 0, 4;
T_1.10 ;
T_1.9 ;
T_1.7 ;
T_1.5 ;
    %load/vec4 v000002583e492d80_0;
    %load/vec4 v000002583e529240_0;
    %sub;
    %store/vec4 v000002583e492d80_0, 0, 3;
    %vpi_call 5 30 "$display", "pre %b ? %b", v000002583e528d40_0, v000002583e4ca340_0 {0 0 0};
    %load/vec4 v000002583e492d80_0;
    %pad/u 32;
    %cmpi/u 0, 0, 32;
    %flag_or 5, 4; GT is !LE
    %flag_inv 5;
    %flag_mov 8, 5;
    %load/vec4 v000002583e528fc0_0;
    %flag_set/vec4 9;
    %flag_or 9, 8;
    %jmp/0xz  T_1.12, 9;
    %load/vec4 v000002583e528fc0_0;
    %flag_set/vec4 8;
    %jmp/0xz  T_1.14, 8;
    %load/vec4 v000002583e4ca480_0;
    %load/vec4 v000002583e4ca340_0;
    %add;
    %store/vec4 v000002583e4ca480_0, 0, 4;
    %jmp T_1.15;
T_1.14 ;
    %load/vec4 v000002583e4ca480_0;
    %load/vec4 v000002583e4ca340_0;
    %sub;
    %store/vec4 v000002583e4ca480_0, 0, 4;
T_1.15 ;
T_1.12 ;
    %vpi_call 5 35 "$display", "post %b", v000002583e528d40_0 {0 0 0};
T_1.2 ;
T_1.1 ;
    %jmp T_1;
    .thread T_1;
    .scope S_000002583e4bf5c0;
T_2 ;
    %pushi/vec4 1, 0, 1;
    %store/vec4 v000002583e528980_0, 0, 1;
    %pushi/vec4 1, 0, 1;
    %store/vec4 v000002583e5297e0_0, 0, 1;
    %end;
    .thread T_2;
    .scope S_000002583e4bf5c0;
T_3 ;
    %delay 5, 0;
    %load/vec4 v000002583e5297e0_0;
    %inv;
    %store/vec4 v000002583e5297e0_0, 0, 1;
    %jmp T_3;
    .thread T_3;
    .scope S_000002583e4bf5c0;
T_4 ;
    %vpi_call 2 12 "$dumpfile", "waveform.vcd" {0 0 0};
    %vpi_call 2 13 "$dumpvars", 32'sb00000000000000000000000000000000, S_000002583e4bf5c0 {0 0 0};
    %pushi/vec4 0, 0, 1;
    %store/vec4 v000002583e528980_0, 0, 1;
    %pushi/vec4 6, 0, 4;
    %store/vec4 v000002583e5292e0_0, 0, 4;
    %pushi/vec4 7, 0, 4;
    %store/vec4 v000002583e5296a0_0, 0, 4;
    %delay 10, 0;
    %pushi/vec4 1, 0, 1;
    %store/vec4 v000002583e528980_0, 0, 1;
    %delay 50, 0;
    %pushi/vec4 0, 0, 1;
    %store/vec4 v000002583e528980_0, 0, 1;
    %pushi/vec4 3, 0, 4;
    %store/vec4 v000002583e5292e0_0, 0, 4;
    %pushi/vec4 3, 0, 4;
    %store/vec4 v000002583e5296a0_0, 0, 4;
    %delay 10, 0;
    %pushi/vec4 1, 0, 1;
    %store/vec4 v000002583e528980_0, 0, 1;
    %delay 50, 0;
    %pushi/vec4 0, 0, 1;
    %store/vec4 v000002583e528980_0, 0, 1;
    %pushi/vec4 8, 0, 4;
    %store/vec4 v000002583e5292e0_0, 0, 4;
    %pushi/vec4 5, 0, 4;
    %store/vec4 v000002583e5296a0_0, 0, 4;
    %delay 10, 0;
    %pushi/vec4 1, 0, 1;
    %store/vec4 v000002583e528980_0, 0, 1;
    %delay 50, 0;
    %vpi_call 2 29 "$finish" {0 0 0};
    %end;
    .thread T_4;
# The file index is used to find the file name in the following table.
:file_names 6;
    "N/A";
    "<interactive>";
    "TB.v";
    "Multiply.v";
    "ControlUnit.v";
    "DataPath.v";
